<?xml version="1.0" encoding="UTF-8"?>
<!-- Generated by org.testng.reporters.JUnitXMLReporter -->
<testsuite ignored="0" hostname="LAPTOP-9SQN28FB" failures="0" tests="3" name="Default test" time="0.154" errors="0" timestamp="2023-05-03T23:48:36 IST">
  <testcase classname="firstpack.DataDriven" name="login" time="0.024"/>
  <testcase classname="firstpack.DataDriven" name="login" time="0.008"/>
  <testcase classname="firstpack.DataDriven" name="login" time="0.008"/>
</testsuite> <!-- Default test -->
