<?xml version="1.0" encoding="UTF-8"?>
<testng-results ignored="0" total="1" passed="1" failed="0" skipped="0">
  <reporter-output>
  </reporter-output>
  <suite started-at="2023-04-14T15:30:57 IST" name="Surefire suite" finished-at="2023-04-14T15:31:26 IST" duration-ms="28326">
    <groups>
    </groups>
    <test started-at="2023-04-14T15:30:57 IST" name="Surefire test" finished-at="2023-04-14T15:31:26 IST" duration-ms="28326">
      <class name="firstpack.Properties1">
        <test-method signature="p1()[pri:0, instance:firstpack.Properties1@17c386de]" started-at="2023-04-14T15:30:57 IST" name="p1" finished-at="2023-04-14T15:31:23 IST" duration-ms="25929" status="PASS">
          <reporter-output>
          </reporter-output>
        </test-method> <!-- p1 -->
        <test-method is-config="true" signature="closure()[pri:0, instance:firstpack.Properties1@17c386de]" started-at="2023-04-14T15:31:23 IST" name="closure" finished-at="2023-04-14T15:31:26 IST" duration-ms="2248" status="PASS">
          <reporter-output>
          </reporter-output>
        </test-method> <!-- closure -->
      </class> <!-- firstpack.Properties1 -->
    </test> <!-- Surefire test -->
  </suite> <!-- Surefire suite -->
</testng-results>
