<?xml version="1.0" encoding="UTF-8"?>
<testng-results ignored="0" total="3" passed="3" failed="0" skipped="0">
  <reporter-output>
  </reporter-output>
  <suite started-at="2023-05-03T23:48:36 IST" name="Default suite" finished-at="2023-05-03T23:48:36 IST" duration-ms="154">
    <groups>
    </groups>
    <test started-at="2023-05-03T23:48:36 IST" name="Default test" finished-at="2023-05-03T23:48:36 IST" duration-ms="154">
      <class name="firstpack.DataDriven">
        <test-method signature="login(java.lang.String,java.lang.String)[pri:0, instance:firstpack.DataDriven@7ec7ffd3]" started-at="2023-05-03T23:48:36 IST" name="login" data-provider="getData" finished-at="2023-05-03T23:48:36 IST" duration-ms="24" status="PASS">
          <params>
            <param index="0">
              <value>
                <![CDATA[Hitesh]]>
              </value>
            </param>
            <param index="1">
              <value>
                <![CDATA[1111]]>
              </value>
            </param>
          </params>
          <reporter-output>
          </reporter-output>
        </test-method> <!-- login -->
        <test-method signature="login(java.lang.String,java.lang.String)[pri:0, instance:firstpack.DataDriven@7ec7ffd3]" started-at="2023-05-03T23:48:36 IST" name="login" data-provider="getData" finished-at="2023-05-03T23:48:36 IST" duration-ms="8" status="PASS">
          <params>
            <param index="0">
              <value>
                <![CDATA[Seeya]]>
              </value>
            </param>
            <param index="1">
              <value>
                <![CDATA[2222]]>
              </value>
            </param>
          </params>
          <reporter-output>
          </reporter-output>
        </test-method> <!-- login -->
        <test-method signature="login(java.lang.String,java.lang.String)[pri:0, instance:firstpack.DataDriven@7ec7ffd3]" started-at="2023-05-03T23:48:36 IST" name="login" data-provider="getData" finished-at="2023-05-03T23:48:36 IST" duration-ms="8" status="PASS">
          <params>
            <param index="0">
              <value>
                <![CDATA[Bunny]]>
              </value>
            </param>
            <param index="1">
              <value>
                <![CDATA[3333]]>
              </value>
            </param>
          </params>
          <reporter-output>
          </reporter-output>
        </test-method> <!-- login -->
      </class> <!-- firstpack.DataDriven -->
    </test> <!-- Default test -->
  </suite> <!-- Default suite -->
</testng-results>
